0 info it worked if it ends with ok
1 verbose cli [ '/usr/local/Cellar/node/5.10.1/bin/node',
1 verbose cli   '/usr/local/bin/npm',
1 verbose cli   'run',
1 verbose cli   'prepublish' ]
2 info using npm@3.8.3
3 info using node@v5.10.1
4 verbose run-script [ 'prepublish' ]
5 info lifecycle vcs-circleci@0.1.0~prepublish: vcs-circleci@0.1.0
6 verbose lifecycle vcs-circleci@0.1.0~prepublish: unsafe-perm in lifecycle true
7 verbose lifecycle vcs-circleci@0.1.0~prepublish: PATH: /usr/local/lib/node_modules/npm/bin/node-gyp-bin:/Users/james/dev/circleci/node_modules/.bin:/usr/local/Cellar/node/5.10.1/bin:/Users/james/bin:/usr/local/bin:/usr/local/sbin:/usr/bin:/bin:/usr/sbin:/sbin:/usr/X11/bin:/Users/james/.rbenv/bin:/usr/local/go/bin:/Users/james/go/bin:/Users/james/aws/iam/bin
8 verbose lifecycle vcs-circleci@0.1.0~prepublish: CWD: /Users/james/dev/circleci
9 silly lifecycle vcs-circleci@0.1.0~prepublish: Args: [ '-c', 'npm run vscode:prepublish' ]
10 silly lifecycle vcs-circleci@0.1.0~prepublish: Returned: code: 1  signal: null
11 info lifecycle vcs-circleci@0.1.0~prepublish: Failed to exec prepublish script
12 verbose stack Error: vcs-circleci@0.1.0 prepublish: `npm run vscode:prepublish`
12 verbose stack Exit status 1
12 verbose stack     at EventEmitter.<anonymous> (/usr/local/lib/node_modules/npm/lib/utils/lifecycle.js:239:16)
12 verbose stack     at emitTwo (events.js:100:13)
12 verbose stack     at EventEmitter.emit (events.js:185:7)
12 verbose stack     at ChildProcess.<anonymous> (/usr/local/lib/node_modules/npm/lib/utils/spawn.js:24:14)
12 verbose stack     at emitTwo (events.js:100:13)
12 verbose stack     at ChildProcess.emit (events.js:185:7)
12 verbose stack     at maybeClose (internal/child_process.js:850:16)
12 verbose stack     at Process.ChildProcess._handle.onexit (internal/child_process.js:215:5)
13 verbose pkgid vcs-circleci@0.1.0
14 verbose cwd /Users/james/dev/circleci
15 error Darwin 15.4.0
16 error argv "/usr/local/Cellar/node/5.10.1/bin/node" "/usr/local/bin/npm" "run" "prepublish"
17 error node v5.10.1
18 error npm  v3.8.3
19 error code ELIFECYCLE
20 error vcs-circleci@0.1.0 prepublish: `npm run vscode:prepublish`
20 error Exit status 1
21 error Failed at the vcs-circleci@0.1.0 prepublish script 'npm run vscode:prepublish'.
21 error Make sure you have the latest version of node.js and npm installed.
21 error If you do, this is most likely a problem with the vcs-circleci package,
21 error not with npm itself.
21 error Tell the author that this fails on your system:
21 error     npm run vscode:prepublish
21 error You can get information on how to open an issue for this project with:
21 error     npm bugs vcs-circleci
21 error Or if that isn't available, you can get their info via:
21 error     npm owner ls vcs-circleci
21 error There is likely additional logging output above.
22 verbose exit [ 1, true ]
